Script started on Wed Jul  5 22:10:00 2017
command: sh run.sh
------- BEGIN SPECTRUM CALCULATION --------
-------------------------------
--- Modifying configuration file ---
L = 5.0 fm
-------------------------------
----- Loop 1 out of 2 --------
-------------------------------
-------------------------------
--- Evaluating zdlm.py ---
Lattice size: 5.0 fm
Z function with (l,m) = (0,0)
 d = [0, 0, 0]
Shells (nmax) = 20
From -0.1 to 1.0 65 points
0
10
20
30
40
50
60
../felipe/zdlm.py:217: RuntimeWarning: divide by zero encountered in divide
  first_term = sum(np.exp(-r2_array+x2)*(1.0/(r2_array-x2))*(r2_array**(l/2.0))*special.sph_harm(m,l,r_azimuthal,r_polar))
../felipe/zdlm.py:217: RuntimeWarning: invalid value encountered in multiply
  first_term = sum(np.exp(-r2_array+x2)*(1.0/(r2_array-x2))*(r2_array**(l/2.0))*special.sph_harm(m,l,r_azimuthal,r_polar))
-------------------------------
--- Evaluating quicklook.py ---
quicklook.py:83: RuntimeWarning: invalid value encountered in multiply
  value = firs_fact*zdlm
quicklook.py:97: RuntimeWarning: invalid value encountered in absolute
  return np.abs(np.real(4*np.pi*cdlm(0,x2,zdlm))-pcotd(q2))
Guesses found: 2
-------------------------------
--- Evaluating fzdlm_g.py ---
F function with (l,m) = (0,0)
 d = [0, 0, 0]
2 guesses.
Calculating F around -0.0140625
Using poles in: [ 0.]
From -0.0484375 to 0.0203125 50 points
0
10
20
30
40
Calculating F around 0.65625
Using poles in: []
From 0.621875 to 0.690625 50 points
0
10
20
30
40
-------------------------------
--- Evaluating findspec.py ---
Solution found at 290.582 MeV
Solution found at 496.839 MeV
-------------------------------
--- Modifying configuration file ---
L = 5.25 fm
-------------------------------
----- Loop 2 out of 2 --------
-------------------------------
-------------------------------
--- Evaluating zdlm.py ---
Lattice size: 5.25 fm
Z function with (l,m) = (0,0)
 d = [0, 0, 0]
Shells (nmax) = 20
From -0.1 to 1.0 65 points
0
10
20
30
40
50
60
../felipe/zdlm.py:217: RuntimeWarning: divide by zero encountered in divide
  first_term = sum(np.exp(-r2_array+x2)*(1.0/(r2_array-x2))*(r2_array**(l/2.0))*special.sph_harm(m,l,r_azimuthal,r_polar))
../felipe/zdlm.py:217: RuntimeWarning: invalid value encountered in multiply
  first_term = sum(np.exp(-r2_array+x2)*(1.0/(r2_array-x2))*(r2_array**(l/2.0))*special.sph_harm(m,l,r_azimuthal,r_polar))
-------------------------------
--- Evaluating quicklook.py ---
quicklook.py:83: RuntimeWarning: invalid value encountered in multiply
  value = firs_fact*zdlm
quicklook.py:97: RuntimeWarning: invalid value encountered in absolute
  return np.abs(np.real(4*np.pi*cdlm(0,x2,zdlm))-pcotd(q2))
Guesses found: 2
-------------------------------
--- Evaluating fzdlm_g.py ---
F function with (l,m) = (0,0)
 d = [0, 0, 0]
2 guesses.
Calculating F around -0.0140625
Using poles in: [ 0.]
From -0.0484375 to 0.0203125 50 points
0
10
20
30
40
Calculating F around 0.725
Using poles in: []
From 0.690625 to 0.759375 50 points
0
10
20
30
40
-------------------------------
--- Evaluating findspec.py ---
Solution found at 290.774 MeV
Solution found at 495.403 MeV

Script done on Wed Jul  5 22:11:50 2017
