Script started on Fri Jul  7 15:58:36 2017
command: sh run.sh
------- BEGIN SPECTRUM CALCULATION --------
-------------------------------
--- Modifying configuration file ---
L = 5.0 fm
-------------------------------
----- Loop 1 out of 13 --------
-------------------------------
-------------------------------
--- Evaluating zdlm.py ---
Lattice size: 5.0 fm
Z function with (l,m) = (0,0)
 d = [0, 0, 0]
Shells (nmax) = 20
From -0.1 to 2.1 140 points
0
10
20
30
40
50
60
70
80
90
100
110
120
130
-------------------------------
--- Evaluating quicklook.py ---
Guesses found: 4
-------------------------------
--- Evaluating fzdlm_g.py ---
F function with (l,m) = (0,0)
 d = [0, 0, 0]
4 guesses.
Calculating F around -0.0208633093525
Using poles in: [ 0.]
From -0.036690647482 to -0.00503597122302 25 points
0
10
20
Calculating F around 0.026618705036
Using poles in: []
From 0.0107913669065 to 0.0424460431655 25 points
0
10
20
Calculating F around 1.00791366906
Using poles in: [ 1.]
From 0.992086330935 to 1.02374100719 25 points
0
10
20
Calculating F around 2.00503597122
Using poles in: [ 2.]
From 1.98920863309 to 2.02086330935 25 points
0
10
20
-------------------------------
--- Evaluating findspec.py ---
Solution found at 281.236 MeV
Solution found at 304.736 MeV
Solution found at 576.028 MeV
Solution found at 760.013 MeV
-------------------------------
--- Modifying configuration file ---
L = 5.25 fm
-------------------------------
----- Loop 2 out of 13 --------
-------------------------------
-------------------------------
--- Evaluating zdlm.py ---
Lattice size: 5.25 fm
Z function with (l,m) = (0,0)
 d = [0, 0, 0]
Shells (nmax) = 20
From -0.1 to 2.1 140 points
0
10
20
30
40
50
60
70
80
90
100
110
120
130
-------------------------------
--- Evaluating quicklook.py ---
Guesses found: 4
-------------------------------
--- Evaluating fzdlm_g.py ---
F function with (l,m) = (0,0)
 d = [0, 0, 0]
4 guesses.
Calculating F around -0.0208633093525
Using poles in: [ 0.]
From -0.036690647482 to -0.00503597122302 25 points
0
10
20
Calculating F around 0.026618705036
Using poles in: []
From 0.0107913669065 to 0.0424460431655 25 points
0
10
20
Calculating F around 1.00791366906
Using poles in: [ 1.]
From 0.992086330935 to 1.02374100719 25 points
0
10
20
Calculating F around 2.00503597122
Using poles in: [ 2.]
From 1.98920863309 to 2.02086330935 25 points
0
10
20
-------------------------------
--- Evaluating findspec.py ---
Solution found at 282.056 MeV
Solution found at 303.903 MeV
Solution found at 555.818 MeV
Solution found at 729.303 MeV
-------------------------------
--- Modifying configuration file ---
L = 5.5 fm
-------------------------------
----- Loop 3 out of 13 --------
-------------------------------
-------------------------------
--- Evaluating zdlm.py ---
Lattice size: 5.5 fm
Z function with (l,m) = (0,0)
 d = [0, 0, 0]
Shells (nmax) = 20
From -0.1 to 2.1 140 points
0
10
20
30
40
50
60
70
80
90
100
110
120
130
-------------------------------
--- Evaluating quicklook.py ---
Guesses found: 4
-------------------------------
--- Evaluating fzdlm_g.py ---
F function with (l,m) = (0,0)
 d = [0, 0, 0]
4 guesses.
Calculating F around -0.0208633093525
Using poles in: [ 0.]
From -0.036690647482 to -0.00503597122302 25 points
0
10
20
Calculating F around 0.026618705036
Using poles in: []
From 0.0107913669065 to 0.0424460431655 25 points
0
10
20
Calculating F around 1.00791366906
Using poles in: [ 1.]
From 0.992086330935 to 1.02374100719 25 points
0
10
20
Calculating F around 2.00503597122
Using poles in: [ 2.]
From 1.98920863309 to 2.02086330935 25 points
0
10
20
-------------------------------
--- Evaluating findspec.py ---
Solution found at 282.779 MeV
Solution found at 303.158 MeV
Solution found at 537.686 MeV
Solution found at 701.598 MeV
-------------------------------
--- Modifying configuration file ---
L = 5.75 fm
-------------------------------
----- Loop 4 out of 13 --------
-------------------------------
-------------------------------
--- Evaluating zdlm.py ---
Lattice size: 5.75 fm
Z function with (l,m) = (0,0)
 d = [0, 0, 0]
Shells (nmax) = 20
From -0.1 to 2.1 140 points
0
10
20
30
40
50
60
70
80
90
100
110
120
130
-------------------------------
--- Evaluating quicklook.py ---
Guesses found: 4
-------------------------------
--- Evaluating fzdlm_g.py ---
F function with (l,m) = (0,0)
 d = [0, 0, 0]
4 guesses.
Calculating F around -0.0208633093525
Using poles in: [ 0.]
From -0.036690647482 to -0.00503597122302 25 points
0
10
20
Calculating F around 0.026618705036
Using poles in: []
From 0.0107913669065 to 0.0424460431655 25 points
0
10
20
Calculating F around 1.00791366906
Using poles in: [ 1.]
From 0.992086330935 to 1.02374100719 25 points
0
10
20
Calculating F around 2.00503597122
Using poles in: [ 2.]
From 1.98920863309 to 2.02086330935 25 points
0
10
20
-------------------------------
--- Evaluating findspec.py ---
Solution found at 283.419 MeV
Solution found at 302.489 MeV
Solution found at 521.351 MeV
Solution found at 676.501 MeV
-------------------------------
--- Modifying configuration file ---
L = 6.0 fm
-------------------------------
----- Loop 5 out of 13 --------
-------------------------------
-------------------------------
--- Evaluating zdlm.py ---
Lattice size: 6.0 fm
Z function with (l,m) = (0,0)
 d = [0, 0, 0]
Shells (nmax) = 20
From -0.1 to 2.1 140 points
0
10
20
30
40
50
60
70
80
90
100
110
120
130
-------------------------------
--- Evaluating quicklook.py ---
Guesses found: 4
-------------------------------
--- Evaluating fzdlm_g.py ---
F function with (l,m) = (0,0)
 d = [0, 0, 0]
4 guesses.
Calculating F around -0.0208633093525
Using poles in: [ 0.]
From -0.036690647482 to -0.00503597122302 25 points
0
10
20
Calculating F around 0.0424460431655
Using poles in: []
From 0.026618705036 to 0.058273381295 25 points
0
10
20
Calculating F around 1.00791366906
Using poles in: [ 1.]
From 0.992086330935 to 1.02374100719 25 points
0
10
20
Calculating F around 2.00503597122
Using poles in: [ 2.]
From 1.98920863309 to 2.02086330935 25 points
0
10
20
-------------------------------
--- Evaluating findspec.py ---
Solution found at 283.990 MeV
Solution found at 301.886 MeV
Solution found at 506.581 MeV
Solution found at 653.682 MeV
-------------------------------
--- Modifying configuration file ---
L = 6.25 fm
-------------------------------
----- Loop 6 out of 13 --------
-------------------------------
-------------------------------
--- Evaluating zdlm.py ---
Lattice size: 6.25 fm
Z function with (l,m) = (0,0)
 d = [0, 0, 0]
Shells (nmax) = 20
From -0.1 to 2.1 140 points
0
10
20
30
40
50
60
70
80
90
100
110
120
130
-------------------------------
--- Evaluating quicklook.py ---
Guesses found: 4
-------------------------------
--- Evaluating fzdlm_g.py ---
F function with (l,m) = (0,0)
 d = [0, 0, 0]
4 guesses.
Calculating F around -0.0208633093525
Using poles in: [ 0.]
From -0.036690647482 to -0.00503597122302 25 points
0
10
20
Calculating F around 0.0424460431655
Using poles in: []
From 0.026618705036 to 0.058273381295 25 points
0
10
20
Calculating F around 1.00791366906
Using poles in: [ 1.]
From 0.992086330935 to 1.02374100719 25 points
0
10
20
Calculating F around 2.00503597122
Using poles in: [ 2.]
From 1.98920863309 to 2.02086330935 25 points
0
10
20
-------------------------------
--- Evaluating findspec.py ---
Solution found at 284.502 MeV
Solution found at 301.339 MeV
Solution found at 493.179 MeV
Solution found at 632.863 MeV
-------------------------------
--- Modifying configuration file ---
L = 6.5 fm
-------------------------------
----- Loop 7 out of 13 --------
-------------------------------
-------------------------------
--- Evaluating zdlm.py ---
Lattice size: 6.5 fm
Z function with (l,m) = (0,0)
 d = [0, 0, 0]
Shells (nmax) = 20
From -0.1 to 2.1 140 points
0
10
20
30
40
50
60
70
80
90
100
110
120
130
-------------------------------
--- Evaluating quicklook.py ---
Guesses found: 4
-------------------------------
--- Evaluating fzdlm_g.py ---
F function with (l,m) = (0,0)
 d = [0, 0, 0]
4 guesses.
Calculating F around -0.036690647482
Using poles in: []
From -0.0525179856115 to -0.0208633093525 25 points
0
10
20
Calculating F around 0.0424460431655
Using poles in: []
From 0.026618705036 to 0.058273381295 25 points
0
10
20
Calculating F around 1.00791366906
Using poles in: [ 1.]
From 0.992086330935 to 1.02374100719 25 points
0
10
20
Calculating F around 2.00503597122
Using poles in: [ 2.]
From 1.98920863309 to 2.02086330935 25 points
0
10
20
-------------------------------
--- Evaluating findspec.py ---
Solution found at 284.962 MeV
Solution found at 300.841 MeV
Solution found at 480.980 MeV
Solution found at 613.808 MeV
-------------------------------
--- Modifying configuration file ---
L = 6.75 fm
-------------------------------
----- Loop 8 out of 13 --------
-------------------------------
-------------------------------
--- Evaluating zdlm.py ---
Lattice size: 6.75 fm
Z function with (l,m) = (0,0)
 d = [0, 0, 0]
Shells (nmax) = 20
From -0.1 to 2.1 140 points
0
10
20
30
40
50
60
70
80
90
100
110
120
130
-------------------------------
--- Evaluating quicklook.py ---
Guesses found: 4
-------------------------------
--- Evaluating fzdlm_g.py ---
F function with (l,m) = (0,0)
 d = [0, 0, 0]
4 guesses.
Calculating F around -0.036690647482
Using poles in: []
From -0.0525179856115 to -0.0208633093525 25 points
0
10
20
Calculating F around 0.0424460431655
Using poles in: []
From 0.026618705036 to 0.058273381295 25 points
0
10
20
Calculating F around 1.00791366906
Using poles in: [ 1.]
From 0.992086330935 to 1.02374100719 25 points
0
10
20
Calculating F around 2.00503597122
Using poles in: [ 2.]
From 1.98920863309 to 2.02086330935 25 points
0
10
20
-------------------------------
--- Evaluating findspec.py ---
Solution found at 285.378 MeV
Solution found at 300.387 MeV
Solution found at 469.844 MeV
Solution found at 596.318 MeV
-------------------------------
--- Modifying configuration file ---
L = 7.0 fm
-------------------------------
----- Loop 9 out of 13 --------
-------------------------------
-------------------------------
--- Evaluating zdlm.py ---
Lattice size: 7.0 fm
Z function with (l,m) = (0,0)
 d = [0, 0, 0]
Shells (nmax) = 20
From -0.1 to 2.1 140 points
0
10
20
30
40
50
60
70
80
90
100
110
120
130
-------------------------------
--- Evaluating quicklook.py ---
Guesses found: 4
-------------------------------
--- Evaluating fzdlm_g.py ---
F function with (l,m) = (0,0)
 d = [0, 0, 0]
4 guesses.
Calculating F around -0.036690647482
Using poles in: []
From -0.0525179856115 to -0.0208633093525 25 points
0
10
20
Calculating F around 0.0424460431655
Using poles in: []
From 0.026618705036 to 0.058273381295 25 points
0
10
20
Calculating F around 1.00791366906
Using poles in: [ 1.]
From 0.992086330935 to 1.02374100719 25 points
0
10
20
Calculating F around 2.00503597122
Using poles in: [ 2.]
From 1.98920863309 to 2.02086330935 25 points
0
10
20
-------------------------------
--- Evaluating findspec.py ---
Solution found at 285.756 MeV
Solution found at 299.971 MeV
Solution found at 459.650 MeV
Solution found at 580.221 MeV
-------------------------------
--- Modifying configuration file ---
L = 7.25 fm
-------------------------------
----- Loop 10 out of 13 --------
-------------------------------
-------------------------------
--- Evaluating zdlm.py ---
Lattice size: 7.25 fm
Z function with (l,m) = (0,0)
 d = [0, 0, 0]
Shells (nmax) = 20
From -0.1 to 2.1 140 points
0
10
20
30
40
50
60
70
80
90
100
110
120
130
-------------------------------
--- Evaluating quicklook.py ---
Guesses found: 4
-------------------------------
--- Evaluating fzdlm_g.py ---
F function with (l,m) = (0,0)
 d = [0, 0, 0]
4 guesses.
Calculating F around -0.036690647482
Using poles in: []
From -0.0525179856115 to -0.0208633093525 25 points
0
10
20
Calculating F around 0.0424460431655
Using poles in: []
From 0.026618705036 to 0.058273381295 25 points
0
10
20
Calculating F around 1.00791366906
Using poles in: [ 1.]
From 0.992086330935 to 1.02374100719 25 points
0
fzdlm_g.py:192: RuntimeWarning: divide by zero encountered in divide
  first_term = sum(np.exp(-r2_array+x2)*(1.0/(r2_array-x2))*(r2_array**(l/2.0))*special.sph_harm(m,l,r_azimuthal,r_polar))
fzdlm_g.py:192: RuntimeWarning: invalid value encountered in multiply
  first_term = sum(np.exp(-r2_array+x2)*(1.0/(r2_array-x2))*(r2_array**(l/2.0))*special.sph_harm(m,l,r_azimuthal,r_polar))
fzdlm_g.py:219: RuntimeWarning: invalid value encountered in multiply
  total = gggg*(first_term + second_term + third_term)
10
20
Calculating F around 2.00503597122
Using poles in: [ 2.]
From 1.98920863309 to 2.02086330935 25 points
0
10
20
-------------------------------
--- Evaluating findspec.py ---
Solution found at 286.099 MeV
Solution found at 299.589 MeV
Solution found at 450.295 MeV
Solution found at 565.369 MeV
-------------------------------
--- Modifying configuration file ---
L = 7.5 fm
-------------------------------
----- Loop 11 out of 13 --------
-------------------------------
-------------------------------
--- Evaluating zdlm.py ---
Lattice size: 7.5 fm
Z function with (l,m) = (0,0)
 d = [0, 0, 0]
Shells (nmax) = 20
From -0.1 to 2.1 140 points
0
10
20
30
40
50
60
70
80
90
100
110
120
130
-------------------------------
--- Evaluating quicklook.py ---
Guesses found: 4
-------------------------------
--- Evaluating fzdlm_g.py ---
F function with (l,m) = (0,0)
 d = [0, 0, 0]
4 guesses.
Calculating F around -0.036690647482
Using poles in: []
From -0.0525179856115 to -0.0208633093525 25 points
0
10
20
Calculating F around 0.0424460431655
Using poles in: []
From 0.026618705036 to 0.058273381295 25 points
0
10
20
Calculating F around 1.00791366906
Using poles in: [ 1.]
From 0.992086330935 to 1.02374100719 25 points
0
fzdlm_g.py:192: RuntimeWarning: divide by zero encountered in divide
  first_term = sum(np.exp(-r2_array+x2)*(1.0/(r2_array-x2))*(r2_array**(l/2.0))*special.sph_harm(m,l,r_azimuthal,r_polar))
fzdlm_g.py:192: RuntimeWarning: invalid value encountered in multiply
  first_term = sum(np.exp(-r2_array+x2)*(1.0/(r2_array-x2))*(r2_array**(l/2.0))*special.sph_harm(m,l,r_azimuthal,r_polar))
fzdlm_g.py:219: RuntimeWarning: invalid value encountered in multiply
  total = gggg*(first_term + second_term + third_term)
10
20
Calculating F around 2.00503597122
Using poles in: [ 2.]
From 1.98920863309 to 2.02086330935 25 points
0
10
20
-------------------------------
--- Evaluating findspec.py ---
Solution found at 286.413 MeV
Solution found at 299.237 MeV
Solution found at 441.689 MeV
Solution found at 551.635 MeV
-------------------------------
--- Modifying configuration file ---
L = 7.75 fm
-------------------------------
----- Loop 12 out of 13 --------
-------------------------------
-------------------------------
--- Evaluating zdlm.py ---
Lattice size: 7.75 fm
Z function with (l,m) = (0,0)
 d = [0, 0, 0]
Shells (nmax) = 20
From -0.1 to 2.1 140 points
0
10
20
30
40
50
60
70
80
90
100
110
120
130
-------------------------------
--- Evaluating quicklook.py ---
Guesses found: 4
-------------------------------
--- Evaluating fzdlm_g.py ---
F function with (l,m) = (0,0)
 d = [0, 0, 0]
4 guesses.
Calculating F around -0.036690647482
Using poles in: []
From -0.0525179856115 to -0.0208633093525 25 points
0
10
20
Calculating F around 0.0424460431655
Using poles in: []
From 0.026618705036 to 0.058273381295 25 points
0
10
20
Calculating F around 1.00791366906
Using poles in: [ 1.]
From 0.992086330935 to 1.02374100719 25 points
0
10
20
Calculating F around 2.00503597122
Using poles in: [ 2.]
From 1.98920863309 to 2.02086330935 25 points
0
10
20
-------------------------------
--- Evaluating findspec.py ---
Solution found at 286.701 MeV
Solution found at 298.912 MeV
Solution found at 433.755 MeV
Solution found at 538.906 MeV
-------------------------------
--- Modifying configuration file ---
L = 8.0 fm
-------------------------------
----- Loop 13 out of 13 --------
-------------------------------
-------------------------------
--- Evaluating zdlm.py ---
Lattice size: 8.0 fm
Z function with (l,m) = (0,0)
 d = [0, 0, 0]
Shells (nmax) = 20
From -0.1 to 2.1 140 points
0
10
20
30
40
50
60
70
80
90
100
110
120
130
-------------------------------
--- Evaluating quicklook.py ---
Guesses found: 4
-------------------------------
--- Evaluating fzdlm_g.py ---
F function with (l,m) = (0,0)
 d = [0, 0, 0]
4 guesses.
Calculating F around -0.036690647482
Using poles in: []
From -0.0525179856115 to -0.0208633093525 25 points
0
10
20
Calculating F around 0.0424460431655
Using poles in: []
From 0.026618705036 to 0.058273381295 25 points
0
10
20
Calculating F around 1.00791366906
Using poles in: [ 1.]
From 0.992086330935 to 1.02374100719 25 points
0
10
20
Calculating F around 2.00503597122
Using poles in: [ 2.]
From 1.98920863309 to 2.02086330935 25 points
0
10
20
-------------------------------
--- Evaluating findspec.py ---
Solution found at 286.965 MeV
Solution found at 298.611 MeV
Solution found at 426.424 MeV
Solution found at 527.086 MeV
-----LOOPS COMPLETED---------
-------------------------------
--- Evaluating final_plot.py ---

Script done on Fri Jul  7 16:15:01 2017
