Script started on Fri Jul  7 16:46:58 2017
command: sh run.sh
------- BEGIN SPECTRUM CALCULATION --------
-------------------------------
--- Modifying configuration file ---
L = 5.0 fm
-------------------------------
----- Loop 1 out of 13 --------
-------------------------------
-------------------------------
--- Evaluating zdlm.py ---
Lattice size: 5.0 fm
Z function with (l,m) = (0,0)
 d = [0, 0, 0]
Shells (nmax) = 20
From -0.1 to 2.1 140 points
0
10
20
30
40
50
60
70
80
90
100
110
120
130
-------------------------------
--- Evaluating quicklook.py ---
Guesses found: 4
-------------------------------
--- Evaluating fzdlm_g.py ---
F function with (l,m) = (0,0)
 d = [0, 0, 0]
4 guesses.
Calculating F around -0.036690647482
Using poles in: []
From -0.0525179856115 to -0.0208633093525 25 points
0
10
20
Calculating F around 0.026618705036
Using poles in: []
From 0.0107913669065 to 0.0424460431655 25 points
0
10
20
Calculating F around 1.00791366906
Using poles in: [ 1.]
From 0.992086330935 to 1.02374100719 25 points
0
10
20
Calculating F around 2.00503597122
Using poles in: [ 2.]
From 1.98920863309 to 2.02086330935 25 points
0
10
20
-------------------------------
--- Evaluating findspec.py ---
Solution found at 277.769 MeV
Solution found at 301.291 MeV
Solution found at 575.996 MeV
Solution found at 759.996 MeV
-------------------------------
--- Modifying configuration file ---
L = 5.25 fm
-------------------------------
----- Loop 2 out of 13 --------
-------------------------------
-------------------------------
--- Evaluating zdlm.py ---
Lattice size: 5.25 fm
Z function with (l,m) = (0,0)
 d = [0, 0, 0]
Shells (nmax) = 20
From -0.1 to 2.1 140 points
0
10
20
30
40
50
60
70
80
90
100
110
120
130
-------------------------------
--- Evaluating quicklook.py ---
Guesses found: 4
-------------------------------
--- Evaluating fzdlm_g.py ---
F function with (l,m) = (0,0)
 d = [0, 0, 0]
4 guesses.
Calculating F around -0.036690647482
Using poles in: []
From -0.0525179856115 to -0.0208633093525 25 points
0
10
20
Calculating F around 0.026618705036
Using poles in: []
From 0.0107913669065 to 0.0424460431655 25 points
0
10
20
Calculating F around 1.00791366906
Using poles in: [ 1.]
From 0.992086330935 to 1.02374100719 25 points
0
10
20
Calculating F around 2.00503597122
Using poles in: [ 2.]
From 1.98920863309 to 2.02086330935 25 points
0
10
20
-------------------------------
--- Evaluating findspec.py ---
Solution found at 278.558 MeV
Solution found at 300.493 MeV
Solution found at 555.785 MeV
Solution found at 729.286 MeV
-------------------------------
--- Modifying configuration file ---
L = 5.5 fm
-------------------------------
----- Loop 3 out of 13 --------
-------------------------------
-------------------------------
--- Evaluating zdlm.py ---
Lattice size: 5.5 fm
Z function with (l,m) = (0,0)
 d = [0, 0, 0]
Shells (nmax) = 20
From -0.1 to 2.1 140 points
0
10
20
30
40
50
60
70
80
90
100
110
120
130
-------------------------------
--- Evaluating quicklook.py ---
Guesses found: 4
-------------------------------
--- Evaluating fzdlm_g.py ---
F function with (l,m) = (0,0)
 d = [0, 0, 0]
4 guesses.
Calculating F around -0.036690647482
Using poles in: []
From -0.0525179856115 to -0.0208633093525 25 points
0
10
20
Calculating F around 0.026618705036
Using poles in: []
From 0.0107913669065 to 0.0424460431655 25 points
0
10
20
Calculating F around 1.00791366906
Using poles in: [ 1.]
From 0.992086330935 to 1.02374100719 25 points
0
10
20
Calculating F around 2.00503597122
Using poles in: [ 2.]
From 1.98920863309 to 2.02086330935 25 points
0
10
20
-------------------------------
--- Evaluating findspec.py ---
Solution found at 279.250 MeV
Solution found at 299.783 MeV
Solution found at 537.651 MeV
Solution found at 701.580 MeV
-------------------------------
--- Modifying configuration file ---
L = 5.75 fm
-------------------------------
----- Loop 4 out of 13 --------
-------------------------------
-------------------------------
--- Evaluating zdlm.py ---
Lattice size: 5.75 fm
Z function with (l,m) = (0,0)
 d = [0, 0, 0]
Shells (nmax) = 20
From -0.1 to 2.1 140 points
0
10
20
30
40
50
60
70
80
90
100
110
120
130
-------------------------------
--- Evaluating quicklook.py ---
Guesses found: 4
-------------------------------
--- Evaluating fzdlm_g.py ---
F function with (l,m) = (0,0)
 d = [0, 0, 0]
4 guesses.
Calculating F around -0.036690647482
Using poles in: []
From -0.0525179856115 to -0.0208633093525 25 points
0
10
20
Calculating F around 0.026618705036
Using poles in: []
From 0.0107913669065 to 0.0424460431655 25 points
0
10
20
Calculating F around 1.00791366906
Using poles in: [ 1.]
From 0.992086330935 to 1.02374100719 25 points
0
10
20
Calculating F around 2.00503597122
Using poles in: [ 2.]
From 1.98920863309 to 2.02086330935 25 points
0
10
20
-------------------------------
--- Evaluating findspec.py ---
Solution found at 279.859 MeV
Solution found at 299.150 MeV
Solution found at 521.315 MeV
Solution found at 676.483 MeV
-------------------------------
--- Modifying configuration file ---
L = 6.0 fm
-------------------------------
----- Loop 5 out of 13 --------
-------------------------------
-------------------------------
--- Evaluating zdlm.py ---
Lattice size: 6.0 fm
Z function with (l,m) = (0,0)
 d = [0, 0, 0]
Shells (nmax) = 20
From -0.1 to 2.1 140 points
0
10
20
30
40
50
60
70
80
90
100
110
120
130
-------------------------------
--- Evaluating quicklook.py ---
Guesses found: 4
-------------------------------
--- Evaluating fzdlm_g.py ---
F function with (l,m) = (0,0)
 d = [0, 0, 0]
4 guesses.
Calculating F around -0.036690647482
Using poles in: []
From -0.0525179856115 to -0.0208633093525 25 points
0
10
20
Calculating F around 0.026618705036
Using poles in: [ 0.]
From 0.0107913669065 to 0.0424460431655 25 points
0
10
20
Calculating F around 1.00791366906
Using poles in: [ 1.]
From 0.992086330935 to 1.02374100719 25 points
0
10
20
Calculating F around 2.00503597122
Using poles in: [ 2.]
From 1.98920863309 to 2.02086330935 25 points
0
10
20
-------------------------------
--- Evaluating findspec.py ---
Solution found at 280.398 MeV
Solution found at 298.583 MeV
Solution found at 506.543 MeV
Solution found at 653.663 MeV
-------------------------------
--- Modifying configuration file ---
L = 6.25 fm
-------------------------------
----- Loop 6 out of 13 --------
-------------------------------
-------------------------------
--- Evaluating zdlm.py ---
Lattice size: 6.25 fm
Z function with (l,m) = (0,0)
 d = [0, 0, 0]
Shells (nmax) = 20
From -0.1 to 2.1 140 points
0
10
20
30
40
50
60
70
80
90
100
110
120
130
-------------------------------
--- Evaluating quicklook.py ---
Guesses found: 4
-------------------------------
--- Evaluating fzdlm_g.py ---
F function with (l,m) = (0,0)
 d = [0, 0, 0]
4 guesses.
Calculating F around -0.036690647482
Using poles in: []
From -0.0525179856115 to -0.0208633093525 25 points
0
10
20
Calculating F around 0.026618705036
Using poles in: [ 0.]
From 0.0107913669065 to 0.0424460431655 25 points
0
10
20
Calculating F around 1.00791366906
Using poles in: [ 1.]
From 0.992086330935 to 1.02374100719 25 points
0
10
20
Calculating F around 2.00503597122
Using poles in: [ 2.]
From 1.98920863309 to 2.02086330935 25 points
0
10
20
-------------------------------
--- Evaluating findspec.py ---
Solution found at 280.877 MeV
Solution found at 298.072 MeV
Solution found at 493.139 MeV
Solution found at 632.842 MeV
-------------------------------
--- Modifying configuration file ---
L = 6.5 fm
-------------------------------
----- Loop 7 out of 13 --------
-------------------------------
-------------------------------
--- Evaluating zdlm.py ---
Lattice size: 6.5 fm
Z function with (l,m) = (0,0)
 d = [0, 0, 0]
Shells (nmax) = 20
From -0.1 to 2.1 140 points
0
10
20
30
40
50
60
70
80
90
100
110
120
130
-------------------------------
--- Evaluating quicklook.py ---
Guesses found: 4
-------------------------------
--- Evaluating fzdlm_g.py ---
F function with (l,m) = (0,0)
 d = [0, 0, 0]
4 guesses.
Calculating F around -0.036690647482
Using poles in: []
From -0.0525179856115 to -0.0208633093525 25 points
0
10
20
Calculating F around 0.026618705036
Using poles in: [ 0.]
From 0.0107913669065 to 0.0424460431655 25 points
0
10
20
Calculating F around 1.00791366906
Using poles in: [ 1.]
From 0.992086330935 to 1.02374100719 25 points
0
10
20
Calculating F around 2.00503597122
Using poles in: [ 2.]
From 1.98920863309 to 2.02086330935 25 points
0
10
20
-------------------------------
--- Evaluating findspec.py ---
Solution found at 281.304 MeV
Solution found at 297.612 MeV
Solution found at 480.939 MeV
Solution found at 613.787 MeV
-------------------------------
--- Modifying configuration file ---
L = 6.75 fm
-------------------------------
----- Loop 8 out of 13 --------
-------------------------------
-------------------------------
--- Evaluating zdlm.py ---
Lattice size: 6.75 fm
Z function with (l,m) = (0,0)
 d = [0, 0, 0]
Shells (nmax) = 20
From -0.1 to 2.1 140 points
0
10
20
30
40
50
60
70
80
90
100
110
120
130
-------------------------------
--- Evaluating quicklook.py ---
Guesses found: 4
-------------------------------
--- Evaluating fzdlm_g.py ---
F function with (l,m) = (0,0)
 d = [0, 0, 0]
4 guesses.
Calculating F around -0.036690647482
Using poles in: []
From -0.0525179856115 to -0.0208633093525 25 points
0
10
20
Calculating F around 0.026618705036
Using poles in: [ 0.]
From 0.0107913669065 to 0.0424460431655 25 points
0
10
20
Calculating F around 1.00791366906
Using poles in: [ 1.]
From 0.992086330935 to 1.02374100719 25 points
0
10
20
Calculating F around 2.00503597122
Using poles in: [ 2.]
From 1.98920863309 to 2.02086330935 25 points
0
10
20
-------------------------------
--- Evaluating findspec.py ---
Solution found at 281.687 MeV
Solution found at 297.195 MeV
Solution found at 469.802 MeV
Solution found at 596.296 MeV
-------------------------------
--- Modifying configuration file ---
L = 7.0 fm
-------------------------------
----- Loop 9 out of 13 --------
-------------------------------
-------------------------------
--- Evaluating zdlm.py ---
Lattice size: 7.0 fm
Z function with (l,m) = (0,0)
 d = [0, 0, 0]
Shells (nmax) = 20
From -0.1 to 2.1 140 points
0
10
20
30
40
50
60
70
80
90
100
110
120
130
-------------------------------
--- Evaluating quicklook.py ---
Guesses found: 4
-------------------------------
--- Evaluating fzdlm_g.py ---
F function with (l,m) = (0,0)
 d = [0, 0, 0]
4 guesses.
Calculating F around -0.0525179856115
Using poles in: []
From -0.068345323741 to -0.036690647482 25 points
0
10
20
Calculating F around 0.026618705036
Using poles in: [ 0.]
From 0.0107913669065 to 0.0424460431655 25 points
0
10
20
Calculating F around 1.00791366906
Using poles in: [ 1.]
From 0.992086330935 to 1.02374100719 25 points
0
10
20
Calculating F around 2.00503597122
Using poles in: [ 2.]
From 1.98920863309 to 2.02086330935 25 points
0
10
20
-------------------------------
--- Evaluating findspec.py ---
Solution found at 282.031 MeV
Solution found at 296.817 MeV
Solution found at 459.606 MeV
Solution found at 580.198 MeV
-------------------------------
--- Modifying configuration file ---
L = 7.25 fm
-------------------------------
----- Loop 10 out of 13 --------
-------------------------------
-------------------------------
--- Evaluating zdlm.py ---
Lattice size: 7.25 fm
Z function with (l,m) = (0,0)
 d = [0, 0, 0]
Shells (nmax) = 20
From -0.1 to 2.1 140 points
0
10
20
30
40
50
60
70
80
90
100
110
120
130
-------------------------------
--- Evaluating quicklook.py ---
Guesses found: 4
-------------------------------
--- Evaluating fzdlm_g.py ---
F function with (l,m) = (0,0)
 d = [0, 0, 0]
4 guesses.
Calculating F around -0.0525179856115
Using poles in: []
From -0.068345323741 to -0.036690647482 25 points
0
10
20
Calculating F around 0.026618705036
Using poles in: [ 0.]
From 0.0107913669065 to 0.0424460431655 25 points
0
10
20
Calculating F around 1.00791366906
Using poles in: [ 1.]
From 0.992086330935 to 1.02374100719 25 points
0
fzdlm_g.py:192: RuntimeWarning: divide by zero encountered in divide
  first_term = sum(np.exp(-r2_array+x2)*(1.0/(r2_array-x2))*(r2_array**(l/2.0))*special.sph_harm(m,l,r_azimuthal,r_polar))
fzdlm_g.py:192: RuntimeWarning: invalid value encountered in multiply
  first_term = sum(np.exp(-r2_array+x2)*(1.0/(r2_array-x2))*(r2_array**(l/2.0))*special.sph_harm(m,l,r_azimuthal,r_polar))
fzdlm_g.py:219: RuntimeWarning: invalid value encountered in multiply
  total = gggg*(first_term + second_term + third_term)
10
20
Calculating F around 2.00503597122
Using poles in: [ 2.]
From 1.98920863309 to 2.02086330935 25 points
0
10
20
-------------------------------
--- Evaluating findspec.py ---
Solution found at 282.341 MeV
Solution found at 296.473 MeV
Solution found at 450.250 MeV
Solution found at 565.346 MeV
-------------------------------
--- Modifying configuration file ---
L = 7.5 fm
-------------------------------
----- Loop 11 out of 13 --------
-------------------------------
-------------------------------
--- Evaluating zdlm.py ---
Lattice size: 7.5 fm
Z function with (l,m) = (0,0)
 d = [0, 0, 0]
Shells (nmax) = 20
From -0.1 to 2.1 140 points
0
10
20
30
40
50
60
70
80
90
100
110
120
130
-------------------------------
--- Evaluating quicklook.py ---
Guesses found: 4
-------------------------------
--- Evaluating fzdlm_g.py ---
F function with (l,m) = (0,0)
 d = [0, 0, 0]
4 guesses.
Calculating F around -0.0525179856115
Using poles in: []
From -0.068345323741 to -0.036690647482 25 points
0
10
20
Calculating F around 0.026618705036
Using poles in: [ 0.]
From 0.0107913669065 to 0.0424460431655 25 points
0
10
20
Calculating F around 1.00791366906
Using poles in: [ 1.]
From 0.992086330935 to 1.02374100719 25 points
0
fzdlm_g.py:192: RuntimeWarning: divide by zero encountered in divide
  first_term = sum(np.exp(-r2_array+x2)*(1.0/(r2_array-x2))*(r2_array**(l/2.0))*special.sph_harm(m,l,r_azimuthal,r_polar))
fzdlm_g.py:192: RuntimeWarning: invalid value encountered in multiply
  first_term = sum(np.exp(-r2_array+x2)*(1.0/(r2_array-x2))*(r2_array**(l/2.0))*special.sph_harm(m,l,r_azimuthal,r_polar))
fzdlm_g.py:219: RuntimeWarning: invalid value encountered in multiply
  total = gggg*(first_term + second_term + third_term)
10
20
Calculating F around 2.00503597122
Using poles in: [ 2.]
From 1.98920863309 to 2.02086330935 25 points
0
10
20
-------------------------------
--- Evaluating findspec.py ---
Solution found at 282.621 MeV
Solution found at 296.159 MeV
Solution found at 441.642 MeV
Solution found at 551.611 MeV
-------------------------------
--- Modifying configuration file ---
L = 7.75 fm
-------------------------------
----- Loop 12 out of 13 --------
-------------------------------
-------------------------------
--- Evaluating zdlm.py ---
Lattice size: 7.75 fm
Z function with (l,m) = (0,0)
 d = [0, 0, 0]
Shells (nmax) = 20
From -0.1 to 2.1 140 points
0
10
20
30
40
50
60
70
80
90
100
110
120
130
-------------------------------
--- Evaluating quicklook.py ---
Guesses found: 4
-------------------------------
--- Evaluating fzdlm_g.py ---
F function with (l,m) = (0,0)
 d = [0, 0, 0]
4 guesses.
Calculating F around -0.0525179856115
Using poles in: []
From -0.068345323741 to -0.036690647482 25 points
0
10
20
Calculating F around 0.026618705036
Using poles in: [ 0.]
From 0.0107913669065 to 0.0424460431655 25 points
0
10
20
Calculating F around 1.00791366906
Using poles in: [ 1.]
From 0.992086330935 to 1.02374100719 25 points
0
10
20
Calculating F around 2.00503597122
Using poles in: [ 2.]
From 1.98920863309 to 2.02086330935 25 points
0
10
20
-------------------------------
--- Evaluating findspec.py ---
Solution found at 282.875 MeV
Solution found at 295.873 MeV
Solution found at 433.706 MeV
Solution found at 538.881 MeV
-------------------------------
--- Modifying configuration file ---
L = 8.0 fm
-------------------------------
----- Loop 13 out of 13 --------
-------------------------------
-------------------------------
--- Evaluating zdlm.py ---
Lattice size: 8.0 fm
Z function with (l,m) = (0,0)
 d = [0, 0, 0]
Shells (nmax) = 20
From -0.1 to 2.1 140 points
0
10
20
30
40
50
60
70
80
90
100
110
120
130
-------------------------------
--- Evaluating quicklook.py ---
Guesses found: 4
-------------------------------
--- Evaluating fzdlm_g.py ---
F function with (l,m) = (0,0)
 d = [0, 0, 0]
4 guesses.
Calculating F around -0.0525179856115
Using poles in: []
From -0.068345323741 to -0.036690647482 25 points
0
10
20
Calculating F around 0.026618705036
Using poles in: [ 0.]
From 0.0107913669065 to 0.0424460431655 25 points
0
10
20
Calculating F around 1.00791366906
Using poles in: [ 1.]
From 0.992086330935 to 1.02374100719 25 points
0
10
20
Calculating F around 2.00503597122
Using poles in: [ 2.]
From 1.98920863309 to 2.02086330935 25 points
0
10
20
-------------------------------
--- Evaluating findspec.py ---
Solution found at 283.105 MeV
Solution found at 295.611 MeV
Solution found at 426.374 MeV
Solution found at 527.060 MeV
-----LOOPS COMPLETED---------
-------------------------------
--- Evaluating final_plot.py ---

Script done on Fri Jul  7 17:02:37 2017
